	Babylon.js Exporter version: 1.8.0, Blender version: 2.74 (sub 0)
========= Conversion from Blender to Babylon.js =========
	Python World class constructor completed
	processing begun of material:  platformer.Material.000
	Diffuse texture found
Error encountered processing image file:  /home/rileyv/star-foot-s-adventure/scenes/game-background.jpg, Error:  '/home/rileyv/star-foot-s-adventure/scenes/game-background.jpg' and '/home/rileyv/star-foot-s-adventure/scenes/game-background.jpg' are the same file
	Diffuse texture found
Error encountered processing image file:  /home/rileyv/star-foot-s-adventure/scenes/face.png, Error:  '/home/rileyv/star-foot-s-adventure/scenes/face.png' and '/home/rileyv/star-foot-s-adventure/scenes/face.png' are the same file
	processing begun of material:  platformer.Material.012
	Diffuse texture found
Error encountered processing image file:  /home/rileyv/star-foot-s-adventure/scenes/game-background.jpg, Error:  '/home/rileyv/star-foot-s-adventure/scenes/game-background.jpg' and '/home/rileyv/star-foot-s-adventure/scenes/game-background.jpg' are the same file
	Diffuse texture found
Error encountered processing image file:  /home/rileyv/star-foot-s-adventure/scenes/face.png, Error:  '/home/rileyv/star-foot-s-adventure/scenes/face.png' and '/home/rileyv/star-foot-s-adventure/scenes/face.png' are the same file
	processing begun of mesh:  Cube.030
		num positions      :  28
		num normals        :  28
		num uvs            :  56
		num uvs2           :  0
		num colors         :  0
		num indices        :  36
	processing begun of mesh:  Cube.029
		num positions      :  28
		num normals        :  28
		num uvs            :  56
		num uvs2           :  0
		num colors         :  0
		num indices        :  36
	processing begun of mesh:  Cube.028
		num positions      :  28
		num normals        :  28
		num uvs            :  56
		num uvs2           :  0
		num colors         :  0
		num indices        :  36
	processing begun of mesh:  Cube.027
		num positions      :  28
		num normals        :  28
		num uvs            :  56
		num uvs2           :  0
		num colors         :  0
		num indices        :  36
	processing begun of mesh:  Cube.026
		num positions      :  28
		num normals        :  28
		num uvs            :  56
		num uvs2           :  0
		num colors         :  0
		num indices        :  36
	processing begun of mesh:  Cube.025
		WARNING:  No materials have been assigned: 
		num positions      :  8
		num normals        :  8
		num uvs            :  0
		num uvs2           :  0
		num colors         :  0
		num indices        :  36
	processing begun of mesh:  Cube.024
		num positions      :  28
		num normals        :  28
		num uvs            :  56
		num uvs2           :  0
		num colors         :  0
		num indices        :  36
	processing begun of mesh:  Cube.023
		num positions      :  28
		num normals        :  28
		num uvs            :  56
		num uvs2           :  0
		num colors         :  0
		num indices        :  36
	processing begun of mesh:  Cube.022
		num positions      :  28
		num normals        :  28
		num uvs            :  56
		num uvs2           :  0
		num colors         :  0
		num indices        :  36
	processing begun of mesh:  Cube.021
		num positions      :  28
		num normals        :  28
		num uvs            :  56
		num uvs2           :  0
		num colors         :  0
		num indices        :  36
	processing begun of mesh:  Cube.020
		num positions      :  28
		num normals        :  28
		num uvs            :  56
		num uvs2           :  0
		num colors         :  0
		num indices        :  36
	processing begun of mesh:  Cube.019
		num positions      :  28
		num normals        :  28
		num uvs            :  56
		num uvs2           :  0
		num colors         :  0
		num indices        :  36
	processing begun of mesh:  Cube.003
		num positions      :  28
		num normals        :  28
		num uvs            :  56
		num uvs2           :  0
		num colors         :  0
		num indices        :  36
	processing begun of mesh:  Cube.018
		num positions      :  28
		num normals        :  28
		num uvs            :  56
		num uvs2           :  0
		num colors         :  0
		num indices        :  36
	processing begun of mesh:  Cube.017
		num positions      :  28
		num normals        :  28
		num uvs            :  56
		num uvs2           :  0
		num colors         :  0
		num indices        :  36
	processing begun of mesh:  Cube.016
		num positions      :  28
		num normals        :  28
		num uvs            :  56
		num uvs2           :  0
		num colors         :  0
		num indices        :  36
	processing begun of mesh:  Cube.015
		WARNING:  No materials have been assigned: 
		num positions      :  16
		num normals        :  16
		num uvs            :  0
		num uvs2           :  0
		num colors         :  0
		num indices        :  72
	processing begun of mesh:  Cube.014
		num positions      :  28
		num normals        :  28
		num uvs            :  56
		num uvs2           :  0
		num colors         :  0
		num indices        :  36
	processing begun of mesh:  Cube.013
		num positions      :  28
		num normals        :  28
		num uvs            :  56
		num uvs2           :  0
		num colors         :  0
		num indices        :  36
	processing begun of mesh:  Cube.012
		num positions      :  28
		num normals        :  28
		num uvs            :  56
		num uvs2           :  0
		num colors         :  0
		num indices        :  36
	processing begun of mesh:  Cube.005
		num positions      :  28
		num normals        :  28
		num uvs            :  56
		num uvs2           :  0
		num colors         :  0
		num indices        :  36
	processing begun of mesh:  Cube.004
		num positions      :  28
		num normals        :  28
		num uvs            :  56
		num uvs2           :  0
		num colors         :  0
		num indices        :  36
	processing begun of mesh:  Cube.002
		num positions      :  28
		num normals        :  28
		num uvs            :  56
		num uvs2           :  0
		num colors         :  0
		num indices        :  36
	processing begun of mesh:  Cube.011
		num positions      :  28
		num normals        :  28
		num uvs            :  56
		num uvs2           :  0
		num colors         :  0
		num indices        :  36
	processing begun of mesh:  Cube.010
		num positions      :  28
		num normals        :  28
		num uvs            :  56
		num uvs2           :  0
		num colors         :  0
		num indices        :  36
	processing begun of mesh:  Cube.009
		num positions      :  28
		num normals        :  28
		num uvs            :  56
		num uvs2           :  0
		num colors         :  0
		num indices        :  36
	processing begun of mesh:  Cube.008
		num positions      :  28
		num normals        :  28
		num uvs            :  56
		num uvs2           :  0
		num colors         :  0
		num indices        :  36
	processing begun of mesh:  Cube.006
		num positions      :  28
		num normals        :  28
		num uvs            :  56
		num uvs2           :  0
		num colors         :  0
		num indices        :  36
	processing begun of mesh:  Cube.001
		num positions      :  28
		num normals        :  28
		num uvs            :  56
		num uvs2           :  0
		num colors         :  0
		num indices        :  36
	processing begun of mesh:  Cube
		num positions      :  28
		num normals        :  28
		num uvs            :  56
		num uvs2           :  0
		num colors         :  0
		num indices        :  36
	processing begun of mesh:  Trigger.End
		WARNING:  No materials have been assigned: 
		num positions      :  8
		num normals        :  8
		num uvs            :  0
		num uvs2           :  0
		num colors         :  0
		num indices        :  36
	processing begun of mesh:  InitialSpawn
		WARNING:  No materials have been assigned: 
		num positions      :  8
		num normals        :  8
		num uvs            :  0
		num uvs2           :  0
		num colors         :  0
		num indices        :  36
	processing begun of mesh:  Plane.001
		num positions      :  4
		num normals        :  4
		num uvs            :  8
		num uvs2           :  0
		num colors         :  0
		num indices        :  6
	processing begun of mesh:  Cube.007
		WARNING:  No materials have been assigned: 
		num positions      :  8
		num normals        :  8
		num uvs            :  0
		num uvs2           :  0
		num colors         :  0
		num indices        :  36
	processing begun of camera (FreeCamera):  Camera
	processing begun of light (HEMI):  Lamp
========= Writing of scene file started =========
========= Writing of scene file completed =========
========= end of processing =========
